<?xml version="1.0" encoding="UTF-8"?>
<testng-results skipped="0" failed="0" ignored="0" total="1" passed="1">
  <reporter-output>
  </reporter-output>
  <suite name="Practice Suite" duration-ms="78" started-at="2021-10-08T23:44:21 IST" finished-at="2021-10-08T23:44:21 IST">
    <groups>
    </groups>
    <test name="AppTest" duration-ms="78" started-at="2021-10-08T23:44:21 IST" finished-at="2021-10-08T23:44:21 IST">
      <class name="Interview.thoughtWorks.AppTest">
        <test-method status="PASS" signature="shouldAnswerWithTrue()[pri:0, instance:Interview.thoughtWorks.AppTest@239963d8]" name="shouldAnswerWithTrue" duration-ms="14" started-at="2021-10-08T23:44:21 IST" finished-at="2021-10-08T23:44:21 IST">
          <reporter-output>
          </reporter-output>
        </test-method> <!-- shouldAnswerWithTrue -->
      </class> <!-- Interview.thoughtWorks.AppTest -->
    </test> <!-- AppTest -->
  </suite> <!-- Practice Suite -->
</testng-results>
