<?xml version="1.0" encoding="UTF-8"?>
<testng-results ignored="0" total="1" passed="1" failed="0" skipped="0">
  <reporter-output>
  </reporter-output>
  <suite started-at="2021-10-08T23:26:16 IST" name="Practice Suite" finished-at="2021-10-08T23:26:16 IST" duration-ms="113">
    <groups>
    </groups>
    <test started-at="2021-10-08T23:26:16 IST" name="AppTest" finished-at="2021-10-08T23:26:16 IST" duration-ms="113">
      <class name="Interview.thoughtWorks.AppTest">
        <test-method signature="shouldAnswerWithTrue()[pri:0, instance:Interview.thoughtWorks.AppTest@2638011]" started-at="2021-10-08T23:26:16 IST" name="shouldAnswerWithTrue" finished-at="2021-10-08T23:26:16 IST" duration-ms="16" status="PASS">
          <reporter-output>
          </reporter-output>
        </test-method> <!-- shouldAnswerWithTrue -->
      </class> <!-- Interview.thoughtWorks.AppTest -->
    </test> <!-- AppTest -->
  </suite> <!-- Practice Suite -->
</testng-results>
